[2025-11-12 17:16:08,523][__main__][INFO] - Used config: n_samples_to_attack: 20
data_split_to_attack: test
save_attack_artifacts: true
perform_training: true
perform_training_grid_search_hparams: false
perform_constraints_mining: false
perform_constraints_ranking: false
perform_constraints_soundness_evaluation: false
perform_attack: true
perform_projection: true
data:
  name: adult
  params:
    dataset_name: ${data.name}
    data_file_path: ${data.paths.data_file_path}
    metadata_file_path: ${data.paths.metadata_file_path}
    encoding_method: one_hot_encoding
    random_seed: 42
    train_proportion: 0.87
  paths:
    data_dir_path: data/${data.name}/raw-data
    data_file_path: ${data.paths.data_dir_path}/adult.data
    metadata_file_path: ${data.paths.data_dir_path}/adult.metadata.csv
    constraints_dir_path: data/${data.name}/mined-constraints
    raw_dcs_out_path: ${data.paths.constraints_dir_path}/adult-13cols__DC_threshold=0.01__fastadc_dcs.txt
    evaluated_dcs_out_path: ${data.paths.constraints_dir_path}/adult-13cols__DC_threshold=0.01__fastadc_dcs__eval.csv
ml_model:
  model_type: lstm_attention
  model_artifact_path: trained-models/${data.name}-${ml_model.model_type}.ckpt
  perform_training: ${perform_training}
  perform_grid_search_hparams: ${perform_training_grid_search_hparams}
  default_hparams:
    sequence_length: 1
    hidden_dim: 64
    n_lstm_layers: 2
    dropout: 0.3
    lr: 0.001
    weight_decay: 1.0e-05
attack:
  attack_name: cafa
  random_init: true
  random_seed: null
  max_iter: 250
  max_iter_tabpgd: 100
  eps: 0.03333333333333333
  step_size: 0.0003333333333333333
  perturb_categorical_each_steps: 10
constraints:
  constrainer_params:
    evaluated_dcs_out_path: ${data.paths.evaluated_dcs_out_path}
    n_dcs: 5000
    n_tuples: 1
    limit_cost_ball: true
    cost_ball_eps: 0.03333333333333333
  projector_params:
    upper_projection_budget_bound: 0.5
  mining_params:
    perform_constraints_mining: ${perform_constraints_mining}
    perform_constraints_ranking: ${perform_constraints_ranking}
    raw_dcs_out_path: ${data.paths.raw_dcs_out_path}
    evaluated_dcs_out_path: ${data.paths.evaluated_dcs_out_path}
    approx_violation_threshold: 0.01
    path_to_fastadc_miner_jar: src/constraints/mining/resources/FastADC-1.0-SNAPSHOT.jar
    n_dcs_to_eval: 10000
    n_tuples_to_eval: 1000
    n_other_tuples_to_eval: 8000

[2025-11-12 17:17:05,024][src.models.lstm_attention][INFO] - Saved model's artifact to trained-models/adult-lstm_attention.ckpt
[2025-11-12 17:17:05,026][src.models.lstm_attention][INFO] - Finished LSTM-Attention training. Results: {'best_val_loss': 0.5377215147018433, 'best_val_acc': 0.7712402939796448, 'best_val_hp_metric': 0.5118106603622437, 'best_model_path': 'outputs/training/lstm_attention/adult/lightning_logs/version_0/checkpoints/epoch=7-val_hp_metric=0.516.ckpt', 'best_model_val_hp_metric': tensor(0.5156)}
[2025-11-12 17:17:05,027][src.models.utils][INFO] - Loading model from trained-models/adult-lstm_attention.ckpt
[2025-11-12 17:17:05,143][art.estimators.classification.pytorch][INFO] - Inferred 2 hidden layers on PyTorch classifier.
[2025-11-12 17:17:05,267][__main__][INFO] - Initializing constraint set and projector for the attack.
[2025-11-12 17:17:27,359][__main__][INFO] - before-attack: {'is_misclassified_rate': 0.35, 'is_comp_rate': 0.65, 'is_mis_and_comp_rate': 0.2, 'l0_costs_mean': 0.0, 'l0_costs_on_mis_mean': 0.0, 'l0_costs_on_mis_and_comp_mean': 0.0, 'stand_linf_costs_mean': 0.0, 'stand_linf_costs_on_mis_mean': 0.0, 'stand_linfcosts_costs_on_mis_and_comp_mean': 0.0}
[2025-11-12 17:17:27,359][__main__][INFO] - Executing CaFA attack.
[2025-11-12 17:18:52,699][__main__][INFO] - after-cafa: {'is_misclassified_rate': 0.4, 'is_comp_rate': 0.65, 'is_mis_and_comp_rate': 0.2, 'l0_costs_mean': 0.1, 'l0_costs_on_mis_mean': 0.25, 'l0_costs_on_mis_and_comp_mean': 0.0, 'stand_linf_costs_mean': 0.0014253066380516429, 'stand_linf_costs_on_mis_mean': 0.0035632665951291073, 'stand_linfcosts_costs_on_mis_and_comp_mean': 0.0}
[2025-11-12 17:18:52,699][__main__][INFO] - Executing projection of the crafted samples onto the constrained space.
[2025-11-12 17:19:23,017][__main__][INFO] - after-projection: {'is_misclassified_rate': 0.4, 'is_comp_rate': 0.75, 'is_mis_and_comp_rate': 0.2, 'l0_costs_mean': 0.85, 'l0_costs_on_mis_mean': 0.25, 'l0_costs_on_mis_and_comp_mean': 0.0, 'stand_linf_costs_mean': 0.0019355107196842958, 'stand_linf_costs_on_mis_mean': 0.0035632665951291073, 'stand_linfcosts_costs_on_mis_and_comp_mean': 0.0}
[2025-11-12 17:19:23,017][__main__][INFO] - Evaluations: {'before-attack': {'is_misclassified_rate': 0.35, 'is_comp_rate': 0.65, 'is_mis_and_comp_rate': 0.2, 'l0_costs_mean': 0.0, 'l0_costs_on_mis_mean': 0.0, 'l0_costs_on_mis_and_comp_mean': 0.0, 'stand_linf_costs_mean': 0.0, 'stand_linf_costs_on_mis_mean': 0.0, 'stand_linfcosts_costs_on_mis_and_comp_mean': 0.0}, 'after-cafa': {'is_misclassified_rate': 0.4, 'is_comp_rate': 0.65, 'is_mis_and_comp_rate': 0.2, 'l0_costs_mean': 0.1, 'l0_costs_on_mis_mean': 0.25, 'l0_costs_on_mis_and_comp_mean': 0.0, 'stand_linf_costs_mean': 0.0014253066380516429, 'stand_linf_costs_on_mis_mean': 0.0035632665951291073, 'stand_linfcosts_costs_on_mis_and_comp_mean': 0.0}, 'after-cafa-projection': {'is_misclassified_rate': 0.4, 'is_comp_rate': 0.75, 'is_mis_and_comp_rate': 0.2, 'l0_costs_mean': 0.85, 'l0_costs_on_mis_mean': 0.25, 'l0_costs_on_mis_and_comp_mean': 0.0, 'stand_linf_costs_mean': 0.0019355107196842958, 'stand_linf_costs_on_mis_mean': 0.0035632665951291073, 'stand_linfcosts_costs_on_mis_and_comp_mean': 0.0}}
[2025-11-12 17:19:23,017][__main__][INFO] - Finished run. results saved in /home/omarch/Escritorio/TESIS/CaFa/attack-tabular/outputs/2025-11-12/17-16-08
