[2025-11-12 19:17:41,927][__main__][INFO] - Used config: n_samples_to_attack: 20
data_split_to_attack: test
save_attack_artifacts: true
perform_training: true
perform_training_grid_search_hparams: false
perform_constraints_mining: false
perform_constraints_ranking: false
perform_constraints_soundness_evaluation: false
perform_attack: true
perform_projection: true
data:
  name: bank
  params:
    dataset_name: ${data.name}
    data_file_path: ${data.paths.data_file_path}
    metadata_file_path: ${data.paths.metadata_file_path}
    encoding_method: one_hot_encoding
    random_seed: 42
    train_proportion: 0.87
  paths:
    data_dir_path: data/${data.name}/raw-data
    data_file_path: ${data.paths.data_dir_path}/bank-full.csv
    metadata_file_path: ${data.paths.data_dir_path}/bank.metadata.csv
    constraints_dir_path: data/${data.name}/mined-constraints
    raw_dcs_out_path: ${data.paths.constraints_dir_path}/bank-11cols__DC_threshold=0.01__fastadc_dcs.txt
    evaluated_dcs_out_path: ${data.paths.constraints_dir_path}/bank-11cols__DC_threshold=0.01__fastadc_dcs__eval.csv
ml_model:
  model_type: logistic_regression
  model_artifact_path: trained-models/${data.name}-${ml_model.model_type}.ckpt
  perform_training: ${perform_training}
  perform_grid_search_hparams: ${perform_training_grid_search_hparams}
  default_hparams:
    lr: 0.001
    weight_decay: 1.0e-05
attack:
  attack_name: cafa
  random_init: true
  random_seed: null
  max_iter: 250
  max_iter_tabpgd: 100
  eps: 0.03333333333333333
  step_size: 0.0003333333333333333
  perturb_categorical_each_steps: 10
constraints:
  constrainer_params:
    evaluated_dcs_out_path: ${data.paths.evaluated_dcs_out_path}
    n_dcs: 5000
    n_tuples: 1
    limit_cost_ball: true
    cost_ball_eps: 0.03333333333333333
  projector_params:
    upper_projection_budget_bound: 0.5
  mining_params:
    perform_constraints_mining: ${perform_constraints_mining}
    perform_constraints_ranking: ${perform_constraints_ranking}
    raw_dcs_out_path: ${data.paths.raw_dcs_out_path}
    evaluated_dcs_out_path: ${data.paths.evaluated_dcs_out_path}
    approx_violation_threshold: 0.01
    path_to_fastadc_miner_jar: src/constraints/mining/resources/FastADC-1.0-SNAPSHOT.jar
    n_dcs_to_eval: 10000
    n_tuples_to_eval: 1000
    n_other_tuples_to_eval: 8000

[2025-11-12 19:18:26,599][src.models.logistic_regression][INFO] - Saved model's artifact to trained-models/bank-logistic_regression.ckpt
[2025-11-12 19:18:26,601][src.models.logistic_regression][INFO] - Finished logistic regression training. Results: {'best_val_loss': 0.2618142366409302, 'best_val_acc': 0.9076114892959595, 'best_val_hp_metric': 0.6205368638038635, 'best_model_path': 'outputs/training/logreg/bank/lightning_logs/version_0/checkpoints/epoch=78-val_hp_metric=0.683.ckpt', 'best_model_val_hp_metric': tensor(0.6826)}
[2025-11-12 19:18:26,602][src.models.utils][INFO] - Loading model from trained-models/bank-logistic_regression.ckpt
[2025-11-12 19:18:26,708][art.estimators.classification.pytorch][INFO] - Inferred 2 hidden layers on PyTorch classifier.
[2025-11-12 19:18:26,826][__main__][INFO] - Initializing constraint set and projector for the attack.
[2025-11-12 19:18:47,479][__main__][INFO] - before-attack: {'is_misclassified_rate': 0.1, 'is_comp_rate': 0.9, 'is_mis_and_comp_rate': 0.05, 'l0_costs_mean': 0.0, 'l0_costs_on_mis_mean': 0.0, 'l0_costs_on_mis_and_comp_mean': 0.0, 'stand_linf_costs_mean': 0.0, 'stand_linf_costs_on_mis_mean': 0.0, 'stand_linfcosts_costs_on_mis_and_comp_mean': 0.0}
[2025-11-12 19:18:47,479][__main__][INFO] - Executing CaFA attack.
[2025-11-12 19:19:17,726][__main__][INFO] - after-cafa: {'is_misclassified_rate': 1.0, 'is_comp_rate': 0.2, 'is_mis_and_comp_rate': 0.2, 'l0_costs_mean': 6.65, 'l0_costs_on_mis_mean': 6.65, 'l0_costs_on_mis_and_comp_mean': 3.25, 'stand_linf_costs_mean': 0.024603774227826856, 'stand_linf_costs_on_mis_mean': 0.024603774227826856, 'stand_linfcosts_costs_on_mis_and_comp_mean': 0.022621544924649323}
[2025-11-12 19:19:17,726][__main__][INFO] - Executing projection of the crafted samples onto the constrained space.
[2025-11-12 19:20:13,890][__main__][INFO] - after-projection: {'is_misclassified_rate': 0.65, 'is_comp_rate': 0.7, 'is_mis_and_comp_rate': 0.35, 'l0_costs_mean': 7.3, 'l0_costs_on_mis_mean': 7.0, 'l0_costs_on_mis_and_comp_mean': 5.0, 'stand_linf_costs_mean': 0.02546807577430481, 'stand_linf_costs_on_mis_mean': 0.02665807217068158, 'stand_linfcosts_costs_on_mis_and_comp_mean': 0.028482851660344706}
[2025-11-12 19:20:13,890][__main__][INFO] - Evaluations: {'before-attack': {'is_misclassified_rate': 0.1, 'is_comp_rate': 0.9, 'is_mis_and_comp_rate': 0.05, 'l0_costs_mean': 0.0, 'l0_costs_on_mis_mean': 0.0, 'l0_costs_on_mis_and_comp_mean': 0.0, 'stand_linf_costs_mean': 0.0, 'stand_linf_costs_on_mis_mean': 0.0, 'stand_linfcosts_costs_on_mis_and_comp_mean': 0.0}, 'after-cafa': {'is_misclassified_rate': 1.0, 'is_comp_rate': 0.2, 'is_mis_and_comp_rate': 0.2, 'l0_costs_mean': 6.65, 'l0_costs_on_mis_mean': 6.65, 'l0_costs_on_mis_and_comp_mean': 3.25, 'stand_linf_costs_mean': 0.024603774227826856, 'stand_linf_costs_on_mis_mean': 0.024603774227826856, 'stand_linfcosts_costs_on_mis_and_comp_mean': 0.022621544924649323}, 'after-cafa-projection': {'is_misclassified_rate': 0.65, 'is_comp_rate': 0.7, 'is_mis_and_comp_rate': 0.35, 'l0_costs_mean': 7.3, 'l0_costs_on_mis_mean': 7.0, 'l0_costs_on_mis_and_comp_mean': 5.0, 'stand_linf_costs_mean': 0.02546807577430481, 'stand_linf_costs_on_mis_mean': 0.02665807217068158, 'stand_linfcosts_costs_on_mis_and_comp_mean': 0.028482851660344706}}
[2025-11-12 19:20:13,891][__main__][INFO] - Finished run. results saved in /home/omarch/Escritorio/TESIS/CaFa/attack-tabular/outputs/2025-11-12/19-17-41
